[www.imdb.com/list/ls058011111/indexab9f.html]
[backblue.gif]
[fade.gif]
[index.html]
[www.imdb.com/list/ls058011111/indexab9f.html]
[www.imdb.com/name/nm0002084/index.html]
[www.imdb.com/list/ls058011111/index.html]
[www.imdb.com/name/nm0415591/index.html]
[www.imdb.com/name/nm0002084/index.html]
[www.imdb.com/name/nm0000606/index.html]
[www.imdb.com/name/nm0000606/index.html]
[www.imdb.com/name/nm0001695/index.html]
[www.imdb.com/name/nm0001695/index.html]
[www.imdb.com/name/nm0751174/index.html]
[www.imdb.com/name/nm0415591/index.html]
[www.imdb.com/name/nm0404158/index.html]
[www.imdb.com/name/nm0404158/index.html]
[www.imdb.com/name/nm0350324/index.html]
[www.imdb.com/name/nm0350324/index.html]
[www.imdb.com/name/nm0002013/index.html]
[www.imdb.com/name/nm0002013/index.html]
